  AplicacionGimnasio.cpp
  Ciclista.cpp
  Corredor.cpp
C:\Users\XPC\OneDrive\Escritorio\Proyecto 1\Proyecto-Programacion-II---Jeremy-y-Yuli\Corredor.h(2,10): warning C4067: símbolos (token) inesperados después de la directiva del preprocesador; se esperaba una nueva línea
  DatosBiometricos.cpp
  Deportista.cpp
C:\Users\XPC\OneDrive\Escritorio\Proyecto 1\Proyecto-Programacion-II---Jeremy-y-Yuli\Deportista.cpp(1,12): error C2039: "stringstream": no es un miembro de "std"
C:\Users\XPC\OneDrive\Escritorio\Proyecto 1\Proyecto-Programacion-II---Jeremy-y-Yuli\predefined C++ types (compiler internal)(343,11): message : vea la declaración de 'std'
C:\Users\XPC\OneDrive\Escritorio\Proyecto 1\Proyecto-Programacion-II---Jeremy-y-Yuli\Deportista.cpp(1,1): error C2873: 'stringstream': el símbolo no se puede utilizar en una declaración using
C:\Users\XPC\OneDrive\Escritorio\Proyecto 1\Proyecto-Programacion-II---Jeremy-y-Yuli\Deportista.cpp(3,1): error C2653: 'Deportista': no es un nombre de clase o espacio de nombres
C:\Users\XPC\OneDrive\Escritorio\Proyecto 1\Proyecto-Programacion-II---Jeremy-y-Yuli\Deportista.cpp(3,31): error C4430: falta el especificador de tipo; se presupone int. Nota: C++ no admite default-int
C:\Users\XPC\OneDrive\Escritorio\Proyecto 1\Proyecto-Programacion-II---Jeremy-y-Yuli\Deportista.cpp(3,24): error C2065: 'string': identificador no declarado
C:\Users\XPC\OneDrive\Escritorio\Proyecto 1\Proyecto-Programacion-II---Jeremy-y-Yuli\Deportista.cpp(3,31): error C2146: error de sintaxis: falta ')' delante del identificador 'cedula'
C:\Users\XPC\OneDrive\Escritorio\Proyecto 1\Proyecto-Programacion-II---Jeremy-y-Yuli\Deportista.cpp(4,16): error C4430: falta el especificador de tipo; se presupone int. Nota: C++ no admite default-int
C:\Users\XPC\OneDrive\Escritorio\Proyecto 1\Proyecto-Programacion-II---Jeremy-y-Yuli\Deportista.cpp(4,32): error C4430: falta el especificador de tipo; se presupone int. Nota: C++ no admite default-int
C:\Users\XPC\OneDrive\Escritorio\Proyecto 1\Proyecto-Programacion-II---Jeremy-y-Yuli\Deportista.cpp(4,64): error C4430: falta el especificador de tipo; se presupone int. Nota: C++ no admite default-int
C:\Users\XPC\OneDrive\Escritorio\Proyecto 1\Proyecto-Programacion-II---Jeremy-y-Yuli\Deportista.cpp(4,98): error C4430: falta el especificador de tipo; se presupone int. Nota: C++ no admite default-int
C:\Users\XPC\OneDrive\Escritorio\Proyecto 1\Proyecto-Programacion-II---Jeremy-y-Yuli\Deportista.cpp(5,1): error C2059: error de sintaxis: '{'
C:\Users\XPC\OneDrive\Escritorio\Proyecto 1\Proyecto-Programacion-II---Jeremy-y-Yuli\Deportista.cpp(5,1): error C2143: error de sintaxis: falta ';' delante de '{'
C:\Users\XPC\OneDrive\Escritorio\Proyecto 1\Proyecto-Programacion-II---Jeremy-y-Yuli\Deportista.cpp(5,1): error C2447: '{': falta el encabezado de función (¿lista formal de estilo anterior?)
C:\Users\XPC\OneDrive\Escritorio\Proyecto 1\Proyecto-Programacion-II---Jeremy-y-Yuli\Deportista.cpp(8,1): error C2825: 'Deportista': debe ser una clase o un espacio de nombres cuando vaya seguido de '::'
C:\Users\XPC\OneDrive\Escritorio\Proyecto 1\Proyecto-Programacion-II---Jeremy-y-Yuli\Deportista.cpp(8,14): error C2510: 'Deportista': el operando izquierdo de '::' debe ser class/struct/union
C:\Users\XPC\OneDrive\Escritorio\Proyecto 1\Proyecto-Programacion-II---Jeremy-y-Yuli\Deportista.cpp(9,1): error C4430: falta el especificador de tipo; se presupone int. Nota: C++ no admite default-int
C:\Users\XPC\OneDrive\Escritorio\Proyecto 1\Proyecto-Programacion-II---Jeremy-y-Yuli\Deportista.cpp(10,1): warning C4508: '{dtor}': la función debe devolver un valor; se supone que el tipo de valor devuelto es 'void'
  Fecha.cpp
C:\Users\XPC\OneDrive\Escritorio\Proyecto 1\Proyecto-Programacion-II---Jeremy-y-Yuli\Fecha.cpp(22,23): error C4996: 'ctime': This function or variable may be unsafe. Consider using ctime_s instead. To disable deprecation, use _CRT_SECURE_NO_WARNINGS. See online help for details.
  Lista.cpp
C:\Users\XPC\OneDrive\Escritorio\Proyecto 1\Proyecto-Programacion-II---Jeremy-y-Yuli\Lista.h(5,10): fatal  error C1083: No se puede abrir el archivo incluir: 'Nodo.h': No such file or directory
  Nadador.cpp
  Triatlonista.cpp
  Generando código...
